2022-05-12 23:36:18.380  INFO 7232 --- [main] com.foonk.spring.ApplicationRunner       : Starting ApplicationRunner using Java 17.0.2 on Kate with PID 7232 (C:\Users\Katyusha\IdeaProjects\spring-project\build\classes\java\main started by Katyusha in C:\Users\Katyusha\IdeaProjects\spring-project)
2022-05-12 23:36:18.400  INFO 7232 --- [main] com.foonk.spring.ApplicationRunner       : The following profiles are active: qa
2022-05-12 23:36:19.292  INFO 7232 --- [main] .s.d.r.c.RepositoryConfigurationDelegate : Bootstrapping Spring Data JPA repositories in DEFAULT mode.
2022-05-12 23:36:19.452  INFO 7232 --- [main] .s.d.r.c.RepositoryConfigurationDelegate : Finished Spring Data repository scanning in 147 ms. Found 2 JPA repository interfaces.
2022-05-12 23:36:20.511  INFO 7232 --- [main] o.s.b.w.embedded.tomcat.TomcatWebServer  : Tomcat initialized with port(s): 8080 (http)
2022-05-12 23:36:20.521  INFO 7232 --- [main] o.apache.catalina.core.StandardService   : Starting service [Tomcat]
2022-05-12 23:36:20.521  INFO 7232 --- [main] org.apache.catalina.core.StandardEngine  : Starting Servlet engine: [Apache Tomcat/9.0.56]
2022-05-12 23:36:20.948  INFO 7232 --- [main] org.apache.jasper.servlet.TldScanner     : At least one JAR was scanned for TLDs yet contained no TLDs. Enable debug logging for this logger for a complete list of JARs that were scanned but no TLDs were found in them. Skipping unneeded JARs during scanning can improve startup time and JSP compilation time.
2022-05-12 23:36:20.958  INFO 7232 --- [main] o.a.c.c.C.[Tomcat].[localhost].[/]       : Initializing Spring embedded WebApplicationContext
2022-05-12 23:36:20.958  INFO 7232 --- [main] w.s.c.ServletWebServerApplicationContext : Root WebApplicationContext: initialization completed in 2473 ms
2022-05-12 23:36:21.235  INFO 7232 --- [main] com.zaxxer.hikari.HikariDataSource       : HikariPool-1 - Starting...
2022-05-12 23:36:21.391  INFO 7232 --- [main] com.zaxxer.hikari.HikariDataSource       : HikariPool-1 - Start completed.
2022-05-12 23:36:21.640  INFO 7232 --- [main] liquibase.database                       : Set default schema name to public
2022-05-12 23:36:21.787  INFO 7232 --- [main] liquibase.lockservice                    : Successfully acquired change log lock
2022-05-12 23:36:22.007  INFO 7232 --- [main] liquibase.changelog                      : Reading from public.databasechangelog
2022-05-12 23:36:22.177  INFO 7232 --- [main] liquibase.changelog                      : Custom SQL executed
2022-05-12 23:36:22.192  INFO 7232 --- [main] liquibase.changelog                      : ChangeSet db/changelog/db.changelog-4.0.sql::1::foonk ran successfully in 105ms
2022-05-12 23:36:22.237  INFO 7232 --- [main] liquibase.changelog                      : Custom SQL executed
2022-05-12 23:36:22.237  INFO 7232 --- [main] liquibase.changelog                      : ChangeSet db/changelog/db.changelog-4.0.sql::2::foonk ran successfully in 5ms
2022-05-12 23:36:22.242  INFO 7232 --- [main] liquibase.lockservice                    : Successfully released change log lock
2022-05-12 23:36:22.342  INFO 7232 --- [main] o.hibernate.jpa.internal.util.LogHelper  : HHH000204: Processing PersistenceUnitInfo [name: default]
2022-05-12 23:36:22.422  INFO 7232 --- [main] org.hibernate.Version                    : HHH000412: Hibernate ORM core version 5.6.3.Final
2022-05-12 23:36:22.667  INFO 7232 --- [main] o.hibernate.annotations.common.Version   : HCANN000001: Hibernate Commons Annotations {5.1.2.Final}
2022-05-12 23:36:22.827  INFO 7232 --- [main] org.hibernate.dialect.Dialect            : HHH000400: Using dialect: org.hibernate.dialect.PostgreSQL10Dialect
2022-05-12 23:36:22.872  INFO 7232 --- [main] o.h.e.boot.internal.EnversServiceImpl    : Envers integration enabled? : true
2022-05-12 23:36:24.601  INFO 7232 --- [main] o.h.e.t.j.p.i.JtaPlatformInitiator       : HHH000490: Using JtaPlatform implementation: [org.hibernate.engine.transaction.jta.platform.internal.NoJtaPlatform]
2022-05-12 23:36:24.713  INFO 7232 --- [main] j.LocalContainerEntityManagerFactoryBean : Initialized JPA EntityManagerFactory for persistence unit 'default'
2022-05-12 23:36:24.728  INFO 7232 --- [main] c.foonk.spring.config.JpaConfiguration   : Jpa configuration is enabled
2022-05-12 23:36:24.908  WARN 7232 --- [main] JpaBaseConfiguration$JpaWebConfiguration : spring.jpa.open-in-view is enabled by default. Therefore, database queries may be performed during view rendering. Explicitly configure spring.jpa.open-in-view to disable this warning
2022-05-12 23:36:24.943  INFO 7232 --- [main] c.f.spring.database.pool.ConnectionPool  : Init connection pool
2022-05-12 23:36:25.783  INFO 7232 --- [main] c.f.spring.database.pool.ConnectionPool  : Init connection pool
2022-05-12 23:36:27.548  INFO 7232 --- [main] o.s.s.web.DefaultSecurityFilterChain     : Will secure any request with [org.springframework.security.web.context.request.async.WebAsyncManagerIntegrationFilter@119cd026, org.springframework.security.web.context.SecurityContextPersistenceFilter@34db5935, org.springframework.security.web.header.HeaderWriterFilter@5e18a6a7, org.springframework.security.web.authentication.logout.LogoutFilter@36e7b91c, org.springframework.security.web.authentication.UsernamePasswordAuthenticationFilter@76614fd1, org.springframework.security.web.savedrequest.RequestCacheAwareFilter@148c571c, org.springframework.security.web.servletapi.SecurityContextHolderAwareRequestFilter@5d4a1d2c, org.springframework.security.web.authentication.AnonymousAuthenticationFilter@65448932, org.springframework.security.web.session.SessionManagementFilter@f81bd2c, org.springframework.security.web.access.ExceptionTranslationFilter@7d45e754, org.springframework.security.web.access.intercept.FilterSecurityInterceptor@2d492d46]
2022-05-12 23:36:27.663  INFO 7232 --- [main] o.s.b.w.embedded.tomcat.TomcatWebServer  : Tomcat started on port(s): 8080 (http) with context path ''
2022-05-12 23:36:27.683  INFO 7232 --- [main] com.foonk.spring.ApplicationRunner       : Started ApplicationRunner in 9.946 seconds (JVM running for 11.818)
2022-05-12 23:36:51.028  INFO 7232 --- [http-nio-8080-exec-1] o.a.c.c.C.[Tomcat].[localhost].[/]       : Initializing Spring DispatcherServlet 'dispatcherServlet'
2022-05-12 23:36:51.029  INFO 7232 --- [http-nio-8080-exec-1] o.s.web.servlet.DispatcherServlet        : Initializing Servlet 'dispatcherServlet'
2022-05-12 23:36:51.033  INFO 7232 --- [http-nio-8080-exec-1] o.s.web.servlet.DispatcherServlet        : Completed initialization in 4 ms
